# JRE version: OpenJDK Runtime Environment (17.0.7) (build 17.0.7+0-b2043.56-10550314)
# Java VM: OpenJDK 64-Bit Server VM (17.0.7+0-b2043.56-10550314, mixed mode, tiered, compressed oops, compressed class ptrs, g1 gc, windows-amd64)
GC Precious Log:
 CPUs: 12 total, 12 available
 Memory: 7521M
 Large Page Support: Disabled
 NUMA Support: Disabled
 Compressed Oops: Enabled (32-bit)
 Heap Region Size: 1M
 Heap Min Capacity: 8M
 Heap Initial Capacity: 118M
 Heap Max Capacity: 2G
 Pre-touch: Disabled
 Parallel Workers: 10
 Concurrent Workers: 3
 Concurrent Refinement Workers: 10
 Periodic GC: Disabled
Heap:
 garbage-first heap   total 124928K, used 73993K [0x0000000080000000, 0x0000000100000000)
  region size 1024K, 5 young (5120K), 4 survivors (4096K)
 Metaspace       used 71047K, committed 71680K, reserved 1114112K
  class space    used 9561K, committed 9856K, reserved 1048576K
GC Heap History (20 events):
Event: 15.424 GC heap before
{Heap before GC invocations=29 (full 0):
 garbage-first heap   total 99328K, used 66053K [0x0000000080000000, 0x0000000100000000)
  region size 1024K, 12 young (12288K), 2 survivors (2048K)
 Metaspace       used 55316K, committed 55936K, reserved 1114112K
  class space    used 7449K, committed 7744K, reserved 1048576K
}
Event: 15.426 GC heap after
{Heap after GC invocations=30 (full 0):
 garbage-first heap   total 99328K, used 57733K [0x0000000080000000, 0x0000000100000000)
  region size 1024K, 1 young (1024K), 1 survivors (1024K)
 Metaspace       used 55316K, committed 55936K, reserved 1114112K
  class space    used 7449K, committed 7744K, reserved 1048576K
}
Event: 15.461 GC heap before
{Heap before GC invocations=30 (full 0):
 garbage-first heap   total 99328K, used 58757K [0x0000000080000000, 0x0000000100000000)
  region size 1024K, 3 young (3072K), 1 survivors (1024K)
 Metaspace       used 55445K, committed 56000K, reserved 1114112K
  class space    used 7459K, committed 7744K, reserved 1048576K
}
Event: 15.463 GC heap after
{Heap after GC invocations=31 (full 0):
 garbage-first heap   total 99328K, used 57817K [0x0000000080000000, 0x0000000100000000)
  region size 1024K, 2 young (2048K), 2 survivors (2048K)
 Metaspace       used 55445K, committed 56000K, reserved 1114112K
  class space    used 7459K, committed 7744K, reserved 1048576K
}
Event: 15.824 GC heap before
{Heap before GC invocations=32 (full 0):
 garbage-first heap   total 102400K, used 72153K [0x0000000080000000, 0x0000000100000000)
  region size 1024K, 15 young (15360K), 2 survivors (2048K)
 Metaspace       used 56639K, committed 57216K, reserved 1114112K
  class space    used 7638K, committed 7936K, reserved 1048576K
}
Event: 15.826 GC heap after
{Heap after GC invocations=33 (full 0):
 garbage-first heap   total 102400K, used 59422K [0x0000000080000000, 0x0000000100000000)
  region size 1024K, 1 young (1024K), 1 survivors (1024K)
 Metaspace       used 56639K, committed 57216K, reserved 1114112K
  class space    used 7638K, committed 7936K, reserved 1048576K
}
Event: 16.268 GC heap before
{Heap before GC invocations=33 (full 0):
 garbage-first heap   total 102400K, used 74782K [0x0000000080000000, 0x0000000100000000)
  region size 1024K, 17 young (17408K), 1 survivors (1024K)
 Metaspace       used 58220K, committed 58816K, reserved 1114112K
  class space    used 7856K, committed 8128K, reserved 1048576K
}
Event: 16.271 GC heap after
{Heap after GC invocations=34 (full 0):
 garbage-first heap   total 102400K, used 60015K [0x0000000080000000, 0x0000000100000000)
  region size 1024K, 2 young (2048K), 2 survivors (2048K)
 Metaspace       used 58220K, committed 58816K, reserved 1114112K
  class space    used 7856K, committed 8128K, reserved 1048576K
}
Event: 17.041 GC heap before
{Heap before GC invocations=35 (full 0):
 garbage-first heap   total 106496K, used 75375K [0x0000000080000000, 0x0000000100000000)
  region size 1024K, 18 young (18432K), 2 survivors (2048K)
 Metaspace       used 59951K, committed 60544K, reserved 1114112K
  class space    used 8036K, committed 8320K, reserved 1048576K
}
Event: 17.044 GC heap after
{Heap after GC invocations=36 (full 0):
 garbage-first heap   total 106496K, used 60290K [0x0000000080000000, 0x0000000100000000)
  region size 1024K, 2 young (2048K), 2 survivors (2048K)
 Metaspace       used 59951K, committed 60544K, reserved 1114112K
  class space    used 8036K, committed 8320K, reserved 1048576K
}
Event: 17.932 GC heap before
{Heap before GC invocations=36 (full 0):
 garbage-first heap   total 106496K, used 80770K [0x0000000080000000, 0x0000000100000000)
  region size 1024K, 22 young (22528K), 2 survivors (2048K)
 Metaspace       used 62244K, committed 62784K, reserved 1114112K
  class space    used 8381K, committed 8640K, reserved 1048576K
}
Event: 17.936 GC heap after
{Heap after GC invocations=37 (full 0):
 garbage-first heap   total 106496K, used 60993K [0x0000000080000000, 0x0000000100000000)
  region size 1024K, 3 young (3072K), 3 survivors (3072K)
 Metaspace       used 62244K, committed 62784K, reserved 1114112K
  class space    used 8381K, committed 8640K, reserved 1048576K
}
Event: 18.459 GC heap before
{Heap before GC invocations=38 (full 0):
 garbage-first heap   total 106496K, used 75329K [0x0000000080000000, 0x0000000100000000)
  region size 1024K, 19 young (19456K), 3 survivors (3072K)
 Metaspace       used 65426K, committed 65984K, reserved 1114112K
  class space    used 8769K, committed 9024K, reserved 1048576K
}
Event: 18.463 GC heap after
{Heap after GC invocations=39 (full 0):
 garbage-first heap   total 106496K, used 62906K [0x0000000080000000, 0x0000000100000000)
  region size 1024K, 3 young (3072K), 3 survivors (3072K)
 Metaspace       used 65426K, committed 65984K, reserved 1114112K
  class space    used 8769K, committed 9024K, reserved 1048576K
}
Event: 18.580 GC heap before
{Heap before GC invocations=40 (full 0):
 garbage-first heap   total 121856K, used 75194K [0x0000000080000000, 0x0000000100000000)
  region size 1024K, 12 young (12288K), 3 survivors (3072K)
 Metaspace       used 65431K, committed 65984K, reserved 1114112K
  class space    used 8769K, committed 9024K, reserved 1048576K
}
Event: 18.584 GC heap after
{Heap after GC invocations=41 (full 0):
 garbage-first heap   total 121856K, used 68888K [0x0000000080000000, 0x0000000100000000)
  region size 1024K, 3 young (3072K), 3 survivors (3072K)
 Metaspace       used 65431K, committed 65984K, reserved 1114112K
  class space    used 8769K, committed 9024K, reserved 1048576K
}
Event: 19.455 GC heap before
{Heap before GC invocations=42 (full 0):
 garbage-first heap   total 124928K, used 91416K [0x0000000080000000, 0x0000000100000000)
  region size 1024K, 24 young (24576K), 3 survivors (3072K)
 Metaspace       used 66938K, committed 67584K, reserved 1114112K
  class space    used 8972K, committed 9280K, reserved 1048576K
}
Event: 19.460 GC heap after
{Heap after GC invocations=43 (full 0):
 garbage-first heap   total 124928K, used 66234K [0x0000000080000000, 0x0000000100000000)
  region size 1024K, 2 young (2048K), 2 survivors (2048K)
 Metaspace       used 66938K, committed 67584K, reserved 1114112K
  class space    used 8972K, committed 9280K, reserved 1048576K
}
Event: 20.370 GC heap before
{Heap before GC invocations=43 (full 0):
 garbage-first heap   total 124928K, used 92858K [0x0000000080000000, 0x0000000100000000)
  region size 1024K, 28 young (28672K), 2 survivors (2048K)
 Metaspace       used 68927K, committed 69504K, reserved 1114112K
  class space    used 9238K, committed 9536K, reserved 1048576K
}
Event: 20.373 GC heap after
{Heap after GC invocations=44 (full 0):
 garbage-first heap   total 124928K, used 68034K [0x0000000080000000, 0x0000000100000000)
  region size 1024K, 4 young (4096K), 4 survivors (4096K)
 Metaspace       used 68927K, committed 69504K, reserved 1114112K
  class space    used 9238K, committed 9536K, reserved 1048576K
}

