# JRE version: OpenJDK Runtime Environment (17.0.7) (build 17.0.7+0-b2043.56-10550314)
# Java VM: OpenJDK 64-Bit Server VM (17.0.7+0-b2043.56-10550314, mixed mode, tiered, compressed oops, compressed class ptrs, g1 gc, windows-amd64)
GC Precious Log:
 CPUs: 12 total, 12 available
 Memory: 7521M
 Large Page Support: Disabled
 NUMA Support: Disabled
 Compressed Oops: Enabled (32-bit)
 Heap Region Size: 1M
 Heap Min Capacity: 8M
 Heap Initial Capacity: 118M
 Heap Max Capacity: 2G
 Pre-touch: Disabled
 Parallel Workers: 10
 Concurrent Workers: 3
 Concurrent Refinement Workers: 10
 Periodic GC: Disabled
Heap:
 garbage-first heap   total 278528K, used 144015K [0x0000000080000000, 0x0000000100000000)
  region size 1024K, 2 young (2048K), 2 survivors (2048K)
 Metaspace       used 122279K, committed 123200K, reserved 1179648K
  class space    used 16296K, committed 16768K, reserved 1048576K
GC Heap History (20 events):
Event: 27.318 GC heap after
{Heap after GC invocations=72 (full 0):
 garbage-first heap   total 230400K, used 140357K [0x0000000080000000, 0x0000000100000000)
  region size 1024K, 2 young (2048K), 2 survivors (2048K)
 Metaspace       used 110425K, committed 111168K, reserved 1179648K
  class space    used 15076K, committed 15424K, reserved 1048576K
}
Event: 28.404 GC heap before
{Heap before GC invocations=72 (full 0):
 garbage-first heap   total 230400K, used 202821K [0x0000000080000000, 0x0000000100000000)
  region size 1024K, 47 young (48128K), 2 survivors (2048K)
 Metaspace       used 113003K, committed 113792K, reserved 1179648K
  class space    used 15416K, committed 15808K, reserved 1048576K
}
Event: 28.407 GC heap after
{Heap after GC invocations=73 (full 0):
 garbage-first heap   total 230400K, used 141189K [0x0000000080000000, 0x0000000100000000)
  region size 1024K, 3 young (3072K), 3 survivors (3072K)
 Metaspace       used 113003K, committed 113792K, reserved 1179648K
  class space    used 15416K, committed 15808K, reserved 1048576K
}
Event: 28.558 GC heap before
{Heap before GC invocations=73 (full 0):
 garbage-first heap   total 230400K, used 187269K [0x0000000080000000, 0x0000000100000000)
  region size 1024K, 49 young (50176K), 3 survivors (3072K)
 Metaspace       used 114568K, committed 115328K, reserved 1179648K
  class space    used 15549K, committed 15936K, reserved 1048576K
}
Event: 28.564 GC heap after
{Heap after GC invocations=74 (full 0):
 garbage-first heap   total 230400K, used 149013K [0x0000000080000000, 0x0000000100000000)
  region size 1024K, 7 young (7168K), 7 survivors (7168K)
 Metaspace       used 114568K, committed 115328K, reserved 1179648K
  class space    used 15549K, committed 15936K, reserved 1048576K
}
Event: 28.764 GC heap before
{Heap before GC invocations=74 (full 0):
 garbage-first heap   total 230400K, used 188949K [0x0000000080000000, 0x0000000100000000)
  region size 1024K, 47 young (48128K), 7 survivors (7168K)
 Metaspace       used 116272K, committed 116992K, reserved 1179648K
  class space    used 15695K, committed 16064K, reserved 1048576K
}
Event: 28.769 GC heap after
{Heap after GC invocations=75 (full 0):
 garbage-first heap   total 230400K, used 153724K [0x0000000080000000, 0x0000000100000000)
  region size 1024K, 5 young (5120K), 5 survivors (5120K)
 Metaspace       used 116272K, committed 116992K, reserved 1179648K
  class space    used 15695K, committed 16064K, reserved 1048576K
}
Event: 29.283 GC heap before
{Heap before GC invocations=75 (full 0):
 garbage-first heap   total 230400K, used 192636K [0x0000000080000000, 0x0000000100000000)
  region size 1024K, 43 young (44032K), 5 survivors (5120K)
 Metaspace       used 116754K, committed 117504K, reserved 1179648K
  class space    used 15725K, committed 16064K, reserved 1048576K
}
Event: 29.288 GC heap after
{Heap after GC invocations=76 (full 0):
 garbage-first heap   total 230400K, used 157958K [0x0000000080000000, 0x0000000100000000)
  region size 1024K, 6 young (6144K), 6 survivors (6144K)
 Metaspace       used 116754K, committed 117504K, reserved 1179648K
  class space    used 15725K, committed 16064K, reserved 1048576K
}
Event: 29.893 GC heap before
{Heap before GC invocations=77 (full 0):
 garbage-first heap   total 278528K, used 184582K [0x0000000080000000, 0x0000000100000000)
  region size 1024K, 40 young (40960K), 6 survivors (6144K)
 Metaspace       used 117058K, committed 117824K, reserved 1179648K
  class space    used 15741K, committed 16128K, reserved 1048576K
}
Event: 29.896 GC heap after
{Heap after GC invocations=78 (full 0):
 garbage-first heap   total 278528K, used 147783K [0x0000000080000000, 0x0000000100000000)
  region size 1024K, 2 young (2048K), 2 survivors (2048K)
 Metaspace       used 117058K, committed 117824K, reserved 1179648K
  class space    used 15741K, committed 16128K, reserved 1048576K
}
Event: 30.539 GC heap before
{Heap before GC invocations=78 (full 0):
 garbage-first heap   total 278528K, used 158023K [0x0000000080000000, 0x0000000100000000)
  region size 1024K, 13 young (13312K), 2 survivors (2048K)
 Metaspace       used 117467K, committed 118208K, reserved 1179648K
  class space    used 15774K, committed 16128K, reserved 1048576K
}
Event: 30.541 GC heap after
{Heap after GC invocations=79 (full 0):
 garbage-first heap   total 278528K, used 133980K [0x0000000080000000, 0x0000000100000000)
  region size 1024K, 1 young (1024K), 1 survivors (1024K)
 Metaspace       used 117467K, committed 118208K, reserved 1179648K
  class space    used 15774K, committed 16128K, reserved 1048576K
}
Event: 31.251 GC heap before
{Heap before GC invocations=79 (full 0):
 garbage-first heap   total 278528K, used 218972K [0x0000000080000000, 0x0000000100000000)
  region size 1024K, 83 young (84992K), 1 survivors (1024K)
 Metaspace       used 119081K, committed 119936K, reserved 1179648K
  class space    used 15928K, committed 16320K, reserved 1048576K
}
Event: 31.254 GC heap after
{Heap after GC invocations=80 (full 0):
 garbage-first heap   total 278528K, used 136304K [0x0000000080000000, 0x0000000100000000)
  region size 1024K, 3 young (3072K), 3 survivors (3072K)
 Metaspace       used 119081K, committed 119936K, reserved 1179648K
  class space    used 15928K, committed 16320K, reserved 1048576K
}
Event: 32.121 GC heap before
{Heap before GC invocations=80 (full 0):
 garbage-first heap   total 278528K, used 224368K [0x0000000080000000, 0x0000000100000000)
  region size 1024K, 90 young (92160K), 3 survivors (3072K)
 Metaspace       used 121852K, committed 122752K, reserved 1179648K
  class space    used 16250K, committed 16704K, reserved 1048576K
}
Event: 32.127 GC heap after
{Heap after GC invocations=81 (full 0):
 garbage-first heap   total 278528K, used 142806K [0x0000000080000000, 0x0000000100000000)
  region size 1024K, 10 young (10240K), 10 survivors (10240K)
 Metaspace       used 121852K, committed 122752K, reserved 1179648K
  class space    used 16250K, committed 16704K, reserved 1048576K
}
Event: 32.352 GC heap before
{Heap before GC invocations=81 (full 0):
 garbage-first heap   total 278528K, used 224726K [0x0000000080000000, 0x0000000100000000)
  region size 1024K, 91 young (93184K), 10 survivors (10240K)
 Metaspace       used 122254K, committed 123200K, reserved 1179648K
  class space    used 16296K, committed 16768K, reserved 1048576K
}
Event: 32.357 GC heap after
{Heap after GC invocations=82 (full 0):
 garbage-first heap   total 278528K, used 144480K [0x0000000080000000, 0x0000000100000000)
  region size 1024K, 2 young (2048K), 2 survivors (2048K)
 Metaspace       used 122254K, committed 123200K, reserved 1179648K
  class space    used 16296K, committed 16768K, reserved 1048576K
}
Event: 32.542 GC heap before
{Heap before GC invocations=82 (full 0):
 garbage-first heap   total 278528K, used 228448K [0x0000000080000000, 0x0000000100000000)
  region size 1024K, 85 young (87040K), 2 survivors (2048K)
 Metaspace       used 122279K, committed 123200K, reserved 1179648K
  class space    used 16296K, committed 16768K, reserved 1048576K
}

